2024.05.30 21:15:27 INFO  Started: Metals version 1.3.1 in folders 'C:\Users\Usuario\Desktop\Discretas II\ti2-2024-1-e15_holamundo' for client Visual Studio Code 1.89.1.
SLF4J(W): Class path contains multiple SLF4J providers.
SLF4J(W): Found provider [scribe.slf4j.ScribeServiceProvider@5ba389ea]
SLF4J(W): Found provider [ch.qos.logback.classic.spi.LogbackServiceProvider@de5a9f2]
SLF4J(W): See https://www.slf4j.org/codes.html#multiple_bindings for an explanation.
SLF4J(I): Actual provider is of type [scribe.slf4j.ScribeServiceProvider@5ba389ea]
2024.05.30 21:15:27 WARN  Flyway upgrade recommended: H2 2.2.224 is newer than this version of Flyway and support has not been tested. The latest supported version of H2 is 2.2.220.
2024.05.30 21:16:45 INFO  no build target found for C:\Users\Usuario\Desktop\Discretas II\ti2-2024-1-e15_holamundo\src\main\scala\algorithms\CheckSumCalculator.scala. Using presentation compiler with project's scala-library version: 3.3.3
2024.05.30 22:13:23 INFO  Shutting down server
2024.05.30 22:13:23 INFO  shutting down Metals
2024.05.30 22:13:23 INFO  Exiting server
2024.05.30 22:13:23 ERROR Unexpected error initializing server: 
org.eclipse.lsp4j.jsonrpc.ResponseErrorException: Request window/showMessageRequest failed with message: Canceled
	at org.eclipse.lsp4j.jsonrpc.RemoteEndpoint.handleResponse(RemoteEndpoint.java:209)
	at org.eclipse.lsp4j.jsonrpc.RemoteEndpoint.consume(RemoteEndpoint.java:193)
	at org.eclipse.lsp4j.jsonrpc.json.StreamMessageProducer.handleMessage(StreamMessageProducer.java:194)
	at org.eclipse.lsp4j.jsonrpc.json.StreamMessageProducer.listen(StreamMessageProducer.java:94)
	at org.eclipse.lsp4j.jsonrpc.json.ConcurrentMessageProcessor.run(ConcurrentMessageProcessor.java:113)
	at java.util.concurrent.Executors$RunnableAdapter.call(Executors.java:577)
	at java.util.concurrent.FutureTask.run(FutureTask.java:317)
	at java.util.concurrent.ThreadPoolExecutor.runWorker(ThreadPoolExecutor.java:1144)
	at java.util.concurrent.ThreadPoolExecutor$Worker.run(ThreadPoolExecutor.java:642)
	at java.lang.Thread.run(Thread.java:1623)

